#
# There is insufficient memory for the Java Runtime Environment to continue.
# Native memory allocation (mmap) failed to map 260046848 bytes for G1 virtual space
# Possible reasons:
#   The system is out of physical RAM or swap space
#   The process is running with CompressedOops enabled, and the Java Heap may be blocking the growth of the native heap
# Possible solutions:
#   Reduce memory load on the system
#   Increase physical memory or swap space
#   Check if swap backing store is full
#   Decrease Java heap size (-Xmx/-Xms)
#   Decrease number of Java threads
#   Decrease Java thread stack sizes (-Xss)
#   Set larger code cache with -XX:ReservedCodeCacheSize=
#   JVM is running with Zero Based Compressed Oops mode in which the Java heap is
#     placed in the first 32GB address space. The Java Heap base address is the
#     maximum limit for the native heap growth. Please use -XX:HeapBaseMinAddress
#     to set the Java Heap base and to place the Java Heap above 32GB virtual address.
# This output file may be truncated or incomplete.
#
#  Out of Memory Error (os_windows.cpp:3548), pid=26984, tid=18584
#
# JRE version:  (17.0.12+8) (build )
# Java VM: Java HotSpot(TM) 64-Bit Server VM (17.0.12+8-LTS-286, mixed mode, sharing, tiered, compressed oops, compressed class ptrs, g1 gc, windows-amd64)
# No core dump will be written. Minidumps are not enabled by default on client versions of Windows
#

---------------  S U M M A R Y ------------

Command Line: -Dnet.bytebuddy.agent.attacher.dump= net.bytebuddy.agent.Attacher com.sun.tools.attach.VirtualMachine 18492 C:\Users\A.Shlool\.m2\repository\net\bytebuddy\byte-buddy-agent\1.14.19\byte-buddy-agent-1.14.19.jar false 

Host: Intel(R) Core(TM) Ultra 5 125U, 14 cores, 15G,  Windows 11 , 64 bit Build 22621 (10.0.22621.5124)
Time: Mon May 11 02:25:44 2026 Jordan Standard Time elapsed time: 0.028297 seconds (0d 0h 0m 0s)

---------------  T H R E A D  ---------------

Current thread (0x00000273ffe3f470):  JavaThread "Unknown thread" [_thread_in_vm, id=18584, stack(0x000000afbf700000,0x000000afbf800000)]

Stack: [0x000000afbf700000,0x000000afbf800000]
Native frames: (J=compiled Java code, j=interpreted, Vv=VM code, C=native code)
V  [jvm.dll+0x67a04a]
V  [jvm.dll+0x7da4ed]
V  [jvm.dll+0x7dbe33]
V  [jvm.dll+0x7dc4a3]
V  [jvm.dll+0x24508f]
V  [jvm.dll+0x677089]
V  [jvm.dll+0x66bd32]
V  [jvm.dll+0x301fa6]
V  [jvm.dll+0x309546]
V  [jvm.dll+0x359d2e]
V  [jvm.dll+0x359f5f]
V  [jvm.dll+0x2d9078]
V  [jvm.dll+0x2d9fe4]
V  [jvm.dll+0x7aca21]
V  [jvm.dll+0x367591]
V  [jvm.dll+0x78b999]
V  [jvm.dll+0x3ec83f]
V  [jvm.dll+0x3ee471]
C  [jli.dll+0x5297]
C  [ucrtbase.dll+0x29333]
C  [KERNEL32.DLL+0x1259d]
C  [ntdll.dll+0x5af38]


---------------  P R O C E S S  ---------------

Threads class SMR info:
_java_thread_list=0x00007ff8e4187a18, length=0, elements={
}

Java Threads: ( => current thread )

Other Threads:
  0x00000273ffeace00 GCTaskThread "GC Thread#0" [stack: 0x000000afbf800000,0x000000afbf900000] [id=24460]
  0x00000273ffebd410 ConcurrentGCThread "G1 Main Marker" [stack: 0x000000afbf900000,0x000000afbfa00000] [id=34820]
  0x00000273ffebed30 ConcurrentGCThread "G1 Conc#0" [stack: 0x000000afbfa00000,0x000000afbfb00000] [id=37592]

[error occurred during error reporting (printing all threads), id 0xc0000005, EXCEPTION_ACCESS_VIOLATION (0xc0000005) at pc=0x00007ff8e39b9b67]

VM state: not at safepoint (not fully initialized)

VM Mutex/Monitor currently owned by a thread:  ([mutex/lock_event])
[0x00000273ffe3c6a0] Heap_lock - owner thread: 0x00000273ffe3f470

Heap address: 0x0000000708400000, size: 3964 MB, Compressed Oops mode: Zero based, Oop shift amount: 3

CDS archive(s) mapped at: [0x0000000000000000-0x0000000000000000-0x0000000000000000), size 0, SharedBaseAddress: 0x0000000800000000, ArchiveRelocationMode: 1.
Narrow klass base: 0x0000000000000000, Narrow klass shift: 0, Narrow klass range: 0x0

GC Precious Log:
<Empty>

Heap:
 garbage-first heap   total 0K, used 0K [0x0000000708400000, 0x0000000800000000)
  region size 2048K, 0 young (0K), 0 survivors (0K)

[error occurred during error reporting (printing heap information), id 0xc0000005, EXCEPTION_ACCESS_VIOLATION (0xc0000005) at pc=0x00007ff8e3da3859]

GC Heap History (0 events):
No events

Deoptimization events (0 events):
No events

Classes unloaded (0 events):
No events

Classes redefined (0 events):
No events

Internal exceptions (0 events):
No events

VM Operations (0 events):
No events

Events (1 events):
Event: 0.009 Loaded shared library C:\Program Files\Java\jdk-17\bin\java.dll


Dynamic libraries:
0x00007ff66d190000 - 0x00007ff66d1a0000 	C:\Program Files\Java\jdk-17\bin\java.exe
0x00007ff9d30f0000 - 0x00007ff9d3307000 	C:\Windows\SYSTEM32\ntdll.dll
0x00007ff9d2950000 - 0x00007ff9d2a14000 	C:\Windows\System32\KERNEL32.DLL
0x00007ff9d0610000 - 0x00007ff9d09e3000 	C:\Windows\System32\KERNELBASE.dll
0x00007ff9d0470000 - 0x00007ff9d0581000 	C:\Windows\System32\ucrtbase.dll
0x00007ff99f040000 - 0x00007ff99f059000 	C:\Program Files\Java\jdk-17\bin\jli.dll
0x00007ff9c09f0000 - 0x00007ff9c0a0b000 	C:\Program Files\Java\jdk-17\bin\VCRUNTIME140.dll
0x00007ff9d2410000 - 0x00007ff9d24c1000 	C:\Windows\System32\ADVAPI32.dll
0x00007ff9d1100000 - 0x00007ff9d11a7000 	C:\Windows\System32\msvcrt.dll
0x00007ff9d0e60000 - 0x00007ff9d0f08000 	C:\Windows\System32\sechost.dll
0x00007ff9d0250000 - 0x00007ff9d0278000 	C:\Windows\System32\bcrypt.dll
0x00007ff9d1e60000 - 0x00007ff9d1f74000 	C:\Windows\System32\RPCRT4.dll
0x00007ff9b1fb0000 - 0x00007ff9b2248000 	C:\Windows\WinSxS\amd64_microsoft.windows.common-controls_6595b64144ccf1df_6.0.22621.5124_none_270e8f4f7386d69d\COMCTL32.dll
0x00007ff9d2ce0000 - 0x00007ff9d2e91000 	C:\Windows\System32\USER32.dll
0x00007ff9d0280000 - 0x00007ff9d02a6000 	C:\Windows\System32\win32u.dll
0x00007ff9d0da0000 - 0x00007ff9d0dc9000 	C:\Windows\System32\GDI32.dll
0x00007ff9d02b0000 - 0x00007ff9d03cb000 	C:\Windows\System32\gdi32full.dll
0x00007ff9d03d0000 - 0x00007ff9d046a000 	C:\Windows\System32\msvcp_win.dll
0x00007ff9afc90000 - 0x00007ff9afc9a000 	C:\Windows\SYSTEM32\VERSION.dll
0x00007ff9d0d60000 - 0x00007ff9d0d91000 	C:\Windows\System32\IMM32.DLL
0x00007ff9c5c20000 - 0x00007ff9c5c2c000 	C:\Program Files\Java\jdk-17\bin\vcruntime140_1.dll
0x00007ff9a1140000 - 0x00007ff9a11ce000 	C:\Program Files\Java\jdk-17\bin\msvcp140.dll
0x00007ff8e36d0000 - 0x00007ff8e42b0000 	C:\Program Files\Java\jdk-17\bin\server\jvm.dll
0x00007ff9d2820000 - 0x00007ff9d2828000 	C:\Windows\System32\PSAPI.DLL
0x00007ff9a1680000 - 0x00007ff9a1689000 	C:\Windows\SYSTEM32\WSOCK32.dll
0x00007ff9c3960000 - 0x00007ff9c3994000 	C:\Windows\SYSTEM32\WINMM.dll
0x00007ff9d25a0000 - 0x00007ff9d2611000 	C:\Windows\System32\WS2_32.dll
0x00007ff9cf1c0000 - 0x00007ff9cf1d8000 	C:\Windows\SYSTEM32\kernel.appcore.dll
0x00007ff9a83e0000 - 0x00007ff9a83ea000 	C:\Program Files\Java\jdk-17\bin\jimage.dll
0x00007ff9cd9f0000 - 0x00007ff9cdc22000 	C:\Windows\SYSTEM32\DBGHELP.DLL
0x00007ff9d1ac0000 - 0x00007ff9d1e52000 	C:\Windows\System32\combase.dll
0x00007ff9d0f10000 - 0x00007ff9d0fe7000 	C:\Windows\System32\OLEAUT32.dll
0x00007ff9a3780000 - 0x00007ff9a37b2000 	C:\Windows\SYSTEM32\dbgcore.DLL
0x00007ff9d01d0000 - 0x00007ff9d024b000 	C:\Windows\System32\bcryptPrimitives.dll
0x00007ff97f6e0000 - 0x00007ff97f705000 	C:\Program Files\Java\jdk-17\bin\java.dll

dbghelp: loaded successfully - version: 4.0.5 - missing functions: none
symbol engine: initialized successfully - sym options: 0x614 - pdb path: .;C:\Program Files\Java\jdk-17\bin;C:\Windows\SYSTEM32;C:\Windows\WinSxS\amd64_microsoft.windows.common-controls_6595b64144ccf1df_6.0.22621.5124_none_270e8f4f7386d69d;C:\Program Files\Java\jdk-17\bin\server

VM Arguments:
jvm_args: -Dnet.bytebuddy.agent.attacher.dump= 
java_command: net.bytebuddy.agent.Attacher com.sun.tools.attach.VirtualMachine 18492 C:\Users\A.Shlool\.m2\repository\net\bytebuddy\byte-buddy-agent\1.14.19\byte-buddy-agent-1.14.19.jar false 
java_class_path (initial): C:\Users\A.Shlool\.m2\repository\net\bytebuddy\byte-buddy-agent\1.14.19\byte-buddy-agent-1.14.19.jar
Launcher Type: SUN_STANDARD

[Global flags]
     intx CICompilerCount                          = 4                                         {product} {ergonomic}
     uint ConcGCThreads                            = 3                                         {product} {ergonomic}
     uint G1ConcRefinementThreads                  = 11                                        {product} {ergonomic}
   size_t G1HeapRegionSize                         = 2097152                                   {product} {ergonomic}
    uintx GCDrainStackTargetSize                   = 64                                        {product} {ergonomic}
   size_t InitialHeapSize                          = 260046848                                 {product} {ergonomic}
   size_t MarkStackSize                            = 4194304                                   {product} {ergonomic}
   size_t MaxHeapSize                              = 4156555264                                {product} {ergonomic}
   size_t MinHeapDeltaBytes                        = 2097152                                   {product} {ergonomic}
   size_t MinHeapSize                              = 8388608                                   {product} {ergonomic}
    uintx NonNMethodCodeHeapSize                   = 5839372                                {pd product} {ergonomic}
    uintx NonProfiledCodeHeapSize                  = 122909434                              {pd product} {ergonomic}
    uintx ProfiledCodeHeapSize                     = 122909434                              {pd product} {ergonomic}
    uintx ReservedCodeCacheSize                    = 251658240                              {pd product} {ergonomic}
     bool SegmentedCodeCache                       = true                                      {product} {ergonomic}
   size_t SoftMaxHeapSize                          = 4156555264                             {manageable} {ergonomic}
     bool UseCompressedClassPointers               = true                           {product lp64_product} {ergonomic}
     bool UseCompressedOops                        = true                           {product lp64_product} {ergonomic}
     bool UseG1GC                                  = true                                      {product} {ergonomic}
     bool UseLargePagesIndividualAllocation        = false                                  {pd product} {ergonomic}

Logging:
Log output configuration:
 #0: stdout all=warning uptime,level,tags
 #1: stderr all=off uptime,level,tags

Environment Variables:
JAVA_HOME=C:\Program Files\Java\jdk-17
PATH=F:\app\client\A.Shlool\product\12.1.0\client_1\bin;C:\Program Files\Common Files\Oracle\Java\javapath;C:\Windows;C:\Windows\System32\Wbem;C:\Windows\System32\WindowsPowerShell\v1.0\;C:\Windows\System32\OpenSSH\;%JAVA-HOME%\bin\;C:\Program Files\dotnet\;C:\Program Files\Docker\Docker\resources\bin;C:\Windows\System32;C:\Users\A.Shlool\AppData\Local\Programs\cursor\resources\app\bin
USERNAME=A.Shlool
LANG=en_US.UTF-8
OS=Windows_NT
PROCESSOR_IDENTIFIER=Intel64 Family 6 Model 170 Stepping 4, GenuineIntel



---------------  S Y S T E M  ---------------

OS:
 Windows 11 , 64 bit Build 22621 (10.0.22621.5124)
OS uptime: 59 days 5:44 hours
Hyper-V role detected

CPU: total 14 (initial active 14) (7 cores per cpu, 2 threads per core) family 6 model 170 stepping 4 microcode 0x1c, cx8, cmov, fxsr, ht, mmx, 3dnowpref, sse, sse2, sse3, ssse3, sse4.1, sse4.2, popcnt, lzcnt, tsc, tscinvbit, avx, avx2, aes, erms, clmul, bmi1, bmi2, adx, sha, fma, vzeroupper, clflush, clflushopt, clwb, hv

Memory: 4k page, system-wide physical 15849M (603M free)
TotalPageFile size 46379M (AvailPageFile size 14M)
current process WorkingSet (physical memory assigned to process): 11M, peak: 11M
current process commit charge ("private bytes"): 66M, peak: 314M

vm_info: Java HotSpot(TM) 64-Bit Server VM (17.0.12+8-LTS-286) for windows-amd64 JRE (17.0.12+8-LTS-286), built on Jun  5 2024 06:46:59 by "mach5one" with MS VC++ 17.6 (VS2022)

END.
